<testsuite name="Django Project Tests" errors="0" failures="0" skips="0" tests="179" time="34.772"><testcase time="0.004416" classname="bilbyui.tests.test_all_labels.TestAllLabels" name="test_get_all_labels" /><testcase time="0.001940" classname="bilbyui.tests.test_all_labels.TestAllLabels" name="test_get_all_labels_without_authentication" /><testcase time="0.031082" classname="bilbyui.tests.test_change_job_details.TestChangeJobDetails" name="test_change_details_mutation" /><testcase time="0.013895" classname="bilbyui.tests.test_change_job_details.TestChangeJobDetails" name="test_change_job_name_symbols" /><testcase time="0.014128" classname="bilbyui.tests.test_change_job_details.TestChangeJobDetails" name="test_change_job_name_too_long" /><testcase time="0.014116" classname="bilbyui.tests.test_change_job_details.TestChangeJobDetails" name="test_change_job_name_too_short" /><testcase time="0.021933" classname="bilbyui.tests.test_elastic_search.TestElasticSearch" name="test_job_delete_remove_document" /><testcase time="0.021482" classname="bilbyui.tests.test_elastic_search.TestElasticSearch" name="test_job_save_create_document_basic" /><testcase time="0.036197" classname="bilbyui.tests.test_elastic_search.TestElasticSearch" name="test_job_save_create_document_complete" /><testcase time="0.027122" classname="bilbyui.tests.test_elastic_search.TestElasticSearch" name="test_job_save_event_id_update" /><testcase time="0.033400" classname="bilbyui.tests.test_elastic_search.TestElasticSearch" name="test_job_save_label_update" /><testcase time="0.021064" classname="bilbyui.tests.test_elastic_search.TestElasticSearch" name="test_job_save_update_document" /><testcase time="0.049006" classname="bilbyui.tests.test_embargo_query.TestBilbyJobQueries" name="test_embargoed_user_embargo_query" /><testcase time="0.073221" classname="bilbyui.tests.test_embargo_query.TestBilbyJobQueries" name="test_embargoed_user_embargo_single_query" /><testcase time="0.041116" classname="bilbyui.tests.test_embargo_query.TestBilbyJobQueries" name="test_ligo_user_embargo_query" /><testcase time="0.045163" classname="bilbyui.tests.test_embargo_query.TestBilbyJobQueries" name="test_ligo_user_embargo_single_query" /><testcase time="0.293168" classname="bilbyui.tests.test_embargo_submission.TestBilbyEmbargoPermissions" name="test_ligo_user_embargo" /><testcase time="0.146989" classname="bilbyui.tests.test_embargo_submission.TestBilbyEmbargoPermissions" name="test_non_ligo_user_embargo" /><testcase time="3.144579" classname="bilbyui.tests.test_embargo_submission.TestIniBilbyEmbargoPermissions" name="test_ligo_user_embargo" /><testcase time="0.396111" classname="bilbyui.tests.test_embargo_submission.TestIniBilbyEmbargoPermissions" name="test_non_ligo_user_embargo" /><testcase time="0.660975" classname="bilbyui.tests.test_embargo_upload.TestEmbargoJobUpload" name="test_ligo_user_embargo" /><testcase time="0.551245" classname="bilbyui.tests.test_embargo_upload.TestEmbargoJobUpload" name="test_non_ligo_user_embargo" /><testcase time="0.027000" classname="bilbyui.tests.test_event_ids.TestEventIDCreation" name="test_bad_event_ids" /><testcase time="0.020534" classname="bilbyui.tests.test_event_ids.TestEventIDCreation" name="test_bad_trigger_ids" /><testcase time="0.005977" classname="bilbyui.tests.test_event_ids.TestEventIDCreation" name="test_create_event_id" /><testcase time="0.007090" classname="bilbyui.tests.test_event_ids.TestEventIDDeletion" name="test_delete_event_id" /><testcase time="0.011883" classname="bilbyui.tests.test_event_ids.TestEventIDPermissions" name="test_create_event_id_permissions" /><testcase time="0.012957" classname="bilbyui.tests.test_event_ids.TestEventIDPermissions" name="test_delete_event_id_permissions" /><testcase time="0.011464" classname="bilbyui.tests.test_event_ids.TestEventIDPermissions" name="test_update_event_id_permissions" /><testcase time="0.008869" classname="bilbyui.tests.test_event_ids.TestEventIDPermissions" name="test_view_event_id_list_permissions" /><testcase time="0.019683" classname="bilbyui.tests.test_event_ids.TestEventIDPermissions" name="test_view_event_id_permissions" /><testcase time="0.016654" classname="bilbyui.tests.test_event_ids.TestEventIDUpdating" name="test_update_bad_trigger_ids" /><testcase time="0.007797" classname="bilbyui.tests.test_event_ids.TestEventIDUpdating" name="test_update_event_id" /><testcase time="0.128345" classname="bilbyui.tests.test_extenal_job_upload.TestExternalJobUpload" name="test_external_job_upload_success" /><testcase time="0.003088" classname="bilbyui.tests.test_extenal_job_upload.TestExternalJobUpload" name="test_external_job_upload_unauthorised_user" /><testcase time="0.039908" classname="bilbyui.tests.test_extenal_job_upload.TestExternalJobUpload" name="test_gwosc_ingest_upload" /><testcase time="0.035914" classname="bilbyui.tests.test_extenal_job_upload.TestExternalJobUpload" name="test_not_gwosc_ingest_upload" /><testcase time="0.035051" classname="bilbyui.tests.test_extenal_job_upload.TestExternalJobUploadLigoPermissions" name="test_ligo_user_with_gwosc" /><testcase time="0.110557" classname="bilbyui.tests.test_extenal_job_upload.TestExternalJobUploadLigoPermissions" name="test_ligo_user_with_non_gwosc" /><testcase time="0.034498" classname="bilbyui.tests.test_extenal_job_upload.TestExternalJobUploadLigoPermissions" name="test_non_ligo_user_with_gwosc" /><testcase time="0.415920" classname="bilbyui.tests.test_external_embargo_upload.TestEmbargoJobUpload" name="test_ligo_user_embargo" /><testcase time="0.242842" classname="bilbyui.tests.test_external_embargo_upload.TestEmbargoJobUpload" name="test_non_ligo_user_embargo" /><testcase time="0.180086" classname="bilbyui.tests.test_ini_job_submission.TestIniJobSubmission" name="test_cluster_submission" /><testcase time="0.284632" classname="bilbyui.tests.test_ini_job_submission.TestIniJobSubmission" name="test_ini_job_submission" /><testcase time="0.006448" classname="bilbyui.tests.test_ini_job_submission.TestIniJobSubmissionNameValidation" name="test_invalid_job_name_symbols" /><testcase time="0.006379" classname="bilbyui.tests.test_ini_job_submission.TestIniJobSubmissionNameValidation" name="test_invalid_job_name_too_long" /><testcase time="0.006001" classname="bilbyui.tests.test_ini_job_submission.TestIniJobSubmissionNameValidation" name="test_invalid_job_name_too_short" /><testcase time="0.009333" classname="bilbyui.tests.test_ini_job_submission_supporting_files.TestIniJobSubmission" name="test_download_supporting_files_invalid_token" /><testcase time="0.146278" classname="bilbyui.tests.test_ini_job_submission_supporting_files.TestIniJobSubmission" name="test_download_supporting_files_valid_token" /><testcase time="0.145469" classname="bilbyui.tests.test_ini_job_submission_supporting_files.TestIniJobSubmission" name="test_download_supporting_files_valid_token_force_download" /><testcase time="0.196473" classname="bilbyui.tests.test_ini_job_submission_supporting_files.TestIniJobSubmission" name="test_ini_job_submission_supporting_file_all" /><testcase time="0.141187" classname="bilbyui.tests.test_ini_job_submission_supporting_files.TestIniJobSubmission" name="test_ini_job_submission_supporting_file_calibration1" /><testcase time="0.147753" classname="bilbyui.tests.test_ini_job_submission_supporting_files.TestIniJobSubmission" name="test_ini_job_submission_supporting_file_calibration2" /><testcase time="0.151992" classname="bilbyui.tests.test_ini_job_submission_supporting_files.TestIniJobSubmission" name="test_ini_job_submission_supporting_file_calibration3" /><testcase time="0.142691" classname="bilbyui.tests.test_ini_job_submission_supporting_files.TestIniJobSubmission" name="test_ini_job_submission_supporting_file_data_dict_1" /><testcase time="0.149809" classname="bilbyui.tests.test_ini_job_submission_supporting_files.TestIniJobSubmission" name="test_ini_job_submission_supporting_file_data_dict_2" /><testcase time="0.140699" classname="bilbyui.tests.test_ini_job_submission_supporting_files.TestIniJobSubmission" name="test_ini_job_submission_supporting_file_distance_marginalization_lookup_table" /><testcase time="0.139395" classname="bilbyui.tests.test_ini_job_submission_supporting_files.TestIniJobSubmission" name="test_ini_job_submission_supporting_file_distance_marginalization_lookup_table_none" /><testcase time="0.141785" classname="bilbyui.tests.test_ini_job_submission_supporting_files.TestIniJobSubmission" name="test_ini_job_submission_supporting_file_gps" /><testcase time="0.140766" classname="bilbyui.tests.test_ini_job_submission_supporting_files.TestIniJobSubmission" name="test_ini_job_submission_supporting_file_injection" /><testcase time="0.141677" classname="bilbyui.tests.test_ini_job_submission_supporting_files.TestIniJobSubmission" name="test_ini_job_submission_supporting_file_numerical_relativity_file" /><testcase time="0.142001" classname="bilbyui.tests.test_ini_job_submission_supporting_files.TestIniJobSubmission" name="test_ini_job_submission_supporting_file_prior" /><testcase time="0.142741" classname="bilbyui.tests.test_ini_job_submission_supporting_files.TestIniJobSubmission" name="test_ini_job_submission_supporting_file_psd1" /><testcase time="0.148486" classname="bilbyui.tests.test_ini_job_submission_supporting_files.TestIniJobSubmission" name="test_ini_job_submission_supporting_file_psd2" /><testcase time="0.152380" classname="bilbyui.tests.test_ini_job_submission_supporting_files.TestIniJobSubmission" name="test_ini_job_submission_supporting_file_psd3" /><testcase time="0.143329" classname="bilbyui.tests.test_ini_job_submission_supporting_files.TestIniJobSubmission" name="test_ini_job_submission_supporting_file_timeslide" /><testcase time="0.031517" classname="bilbyui.tests.test_job_query.TestBilbyJobQueries" name="test_bilby_job_event_id_query" /><testcase time="0.030726" classname="bilbyui.tests.test_job_query.TestBilbyJobQueries" name="test_bilby_job_labels_query" /><testcase time="0.029738" classname="bilbyui.tests.test_job_query.TestBilbyJobQueries" name="test_bilby_job_last_updated_query" /><testcase time="0.030686" classname="bilbyui.tests.test_job_query.TestBilbyJobQueries" name="test_bilby_job_query" /><testcase time="0.140780" classname="bilbyui.tests.test_job_query.TestBilbyJobQueries" name="test_bilby_job_query_anonymous_user" /><testcase time="0.107856" classname="bilbyui.tests.test_job_query.TestBilbyJobQueries" name="test_bilby_job_query_ligo_user" /><testcase time="0.093152" classname="bilbyui.tests.test_job_query.TestBilbyJobQueries" name="test_bilby_job_query_non_ligo_user" /><testcase time="0.030093" classname="bilbyui.tests.test_job_query.TestBilbyJobQueries" name="test_bilby_job_status_query" /><testcase time="0.054290" classname="bilbyui.tests.test_job_query.TestBilbyJobQueries" name="test_bilby_job_supporting_files_dont_exist" /><testcase time="0.037137" classname="bilbyui.tests.test_job_query.TestBilbyJobQueries" name="test_bilby_job_user_query" /><testcase time="0.098525" classname="bilbyui.tests.test_job_query.TestBilbyJobQueries" name="test_bilby_jobs_query" /><testcase time="5.997539" classname="bilbyui.tests.test_job_submission.TestJobNameValidation" name="test_invalid_characters" /><testcase time="0.000897" classname="bilbyui.tests.test_job_submission.TestJobNameValidation" name="test_length" /><testcase time="0.175037" classname="bilbyui.tests.test_job_submission.TestJobSubmission" name="test_cluster_submission" /><testcase time="0.053352" classname="bilbyui.tests.test_job_submission.TestJobSubmission" name="test_job_submission_event_id" /><testcase time="0.152866" classname="bilbyui.tests.test_job_submission.TestJobSubmission" name="test_real_job" /><testcase time="0.153487" classname="bilbyui.tests.test_job_submission.TestJobSubmission" name="test_simulated_job" /><testcase time="0.002836" classname="bilbyui.tests.test_job_submission.TestJobSubmissionNameValidation" name="test_invalid_job_name_symbols" /><testcase time="0.002579" classname="bilbyui.tests.test_job_submission.TestJobSubmissionNameValidation" name="test_invalid_job_name_too_long" /><testcase time="0.002480" classname="bilbyui.tests.test_job_submission.TestJobSubmissionNameValidation" name="test_invalid_job_name_too_short" /><testcase time="0.010699" classname="bilbyui.tests.test_job_upload.TestJobUpload" name="test_job_corrupt_tar_gz" /><testcase time="0.008432" classname="bilbyui.tests.test_job_upload.TestJobUpload" name="test_job_invalid_tar_gz_name" /><testcase time="0.019994" classname="bilbyui.tests.test_job_upload.TestJobUpload" name="test_job_upload_many_ini" /><testcase time="0.059656" classname="bilbyui.tests.test_job_upload.TestJobUpload" name="test_job_upload_missing_data" /><testcase time="0.017312" classname="bilbyui.tests.test_job_upload.TestJobUpload" name="test_job_upload_missing_ini" /><testcase time="0.171683" classname="bilbyui.tests.test_job_upload.TestJobUpload" name="test_job_upload_success" /><testcase time="0.061407" classname="bilbyui.tests.test_job_upload.TestJobUpload" name="test_job_upload_success_outdir_replace" /><testcase time="0.009647" classname="bilbyui.tests.test_job_upload.TestJobUpload" name="test_job_upload_unauthorised_user" /><testcase time="0.090710" classname="bilbyui.tests.test_job_upload.TestJobUploadLigoPermissions" name="test_ligo_user_with_gwosc" /><testcase time="0.280031" classname="bilbyui.tests.test_job_upload.TestJobUploadLigoPermissions" name="test_ligo_user_with_non_gwosc" /><testcase time="0.120465" classname="bilbyui.tests.test_job_upload.TestJobUploadLigoPermissions" name="test_non_ligo_user_with_gwosc" /><testcase time="0.034824" classname="bilbyui.tests.test_job_upload.TestJobUploadNameValidation" name="test_invalid_job_name_symbols" /><testcase time="0.034919" classname="bilbyui.tests.test_job_upload.TestJobUploadNameValidation" name="test_invalid_job_name_too_short" /><testcase time="0.090659" classname="bilbyui.tests.test_job_upload.TestJobUploadSupportingFiles" name="test_job_upload_supporting_file_failure_file_not_exists" /><testcase time="0.338470" classname="bilbyui.tests.test_job_upload.TestJobUploadSupportingFiles" name="test_job_upload_supporting_file_success_all" /><testcase time="0.159091" classname="bilbyui.tests.test_job_upload.TestJobUploadSupportingFiles" name="test_job_upload_supporting_file_success_calibration1" /><testcase time="0.172875" classname="bilbyui.tests.test_job_upload.TestJobUploadSupportingFiles" name="test_job_upload_supporting_file_success_calibration2" /><testcase time="0.175400" classname="bilbyui.tests.test_job_upload.TestJobUploadSupportingFiles" name="test_job_upload_supporting_file_success_calibration3" /><testcase time="0.166595" classname="bilbyui.tests.test_job_upload.TestJobUploadSupportingFiles" name="test_job_upload_supporting_file_success_data_dict_1" /><testcase time="0.185667" classname="bilbyui.tests.test_job_upload.TestJobUploadSupportingFiles" name="test_job_upload_supporting_file_success_data_dict_2" /><testcase time="0.167306" classname="bilbyui.tests.test_job_upload.TestJobUploadSupportingFiles" name="test_job_upload_supporting_file_success_distance_marginalization" /><testcase time="0.157824" classname="bilbyui.tests.test_job_upload.TestJobUploadSupportingFiles" name="test_job_upload_supporting_file_success_gps" /><testcase time="0.154393" classname="bilbyui.tests.test_job_upload.TestJobUploadSupportingFiles" name="test_job_upload_supporting_file_success_injection" /><testcase time="0.183265" classname="bilbyui.tests.test_job_upload.TestJobUploadSupportingFiles" name="test_job_upload_supporting_file_success_numerical_relativity" /><testcase time="0.171954" classname="bilbyui.tests.test_job_upload.TestJobUploadSupportingFiles" name="test_job_upload_supporting_file_success_prior" /><testcase time="0.155247" classname="bilbyui.tests.test_job_upload.TestJobUploadSupportingFiles" name="test_job_upload_supporting_file_success_psd1" /><testcase time="0.153250" classname="bilbyui.tests.test_job_upload.TestJobUploadSupportingFiles" name="test_job_upload_supporting_file_success_psd2" /><testcase time="0.152887" classname="bilbyui.tests.test_job_upload.TestJobUploadSupportingFiles" name="test_job_upload_supporting_file_success_psd3" /><testcase time="0.149494" classname="bilbyui.tests.test_job_upload.TestJobUploadSupportingFiles" name="test_job_upload_supporting_file_success_timeslide" /><testcase time="0.000606" classname="bilbyui.tests.test_models.TestBilbyJobModel" name="test_as_dict_no_supporting_files" /><testcase time="0.001664" classname="bilbyui.tests.test_models.TestBilbyJobModel" name="test_as_dict_supporting_files" /><testcase time="0.012582" classname="bilbyui.tests.test_models.TestBilbyJobModel" name="test_update_description" /><testcase time="0.038632" classname="bilbyui.tests.test_models.TestBilbyJobModel" name="test_update_event_id" /><testcase time="0.016054" classname="bilbyui.tests.test_models.TestBilbyJobModel" name="test_update_labels" /><testcase time="0.012516" classname="bilbyui.tests.test_models.TestBilbyJobModel" name="test_update_name" /><testcase time="0.014102" classname="bilbyui.tests.test_models.TestBilbyJobModel" name="test_update_privacy" /><testcase time="0.001440" classname="bilbyui.tests.test_models.TestBilbyJobUploadToken" name="test_create" /><testcase time="0.004405" classname="bilbyui.tests.test_models.TestBilbyJobUploadToken" name="test_get_by_token" /><testcase time="0.002909" classname="bilbyui.tests.test_models.TestBilbyJobUploadToken" name="test_prune" /><testcase time="0.005341" classname="bilbyui.tests.test_models.TestFileDownloadToken" name="test_create" /><testcase time="0.008775" classname="bilbyui.tests.test_models.TestFileDownloadToken" name="test_get_paths" /><testcase time="0.005330" classname="bilbyui.tests.test_models.TestFileDownloadToken" name="test_prune" /><testcase time="0.013989" classname="bilbyui.tests.test_models.TestSupportingFile" name="test_get_by_download_token" /><testcase time="0.012057" classname="bilbyui.tests.test_models.TestSupportingFile" name="test_get_by_download_token_invalid" /><testcase time="0.047305" classname="bilbyui.tests.test_models.TestSupportingFile" name="test_get_by_token_all_uploaded_files" /><testcase time="0.049058" classname="bilbyui.tests.test_models.TestSupportingFile" name="test_get_by_token_non_uploaded_files" /><testcase time="0.012642" classname="bilbyui.tests.test_models.TestSupportingFile" name="test_get_by_upload_token_invalid" /><testcase time="0.039726" classname="bilbyui.tests.test_models.TestSupportingFile" name="test_pruning_jobs_with_all_uploaded_supporting_files" /><testcase time="0.039784" classname="bilbyui.tests.test_models.TestSupportingFile" name="test_pruning_jobs_with_non_uploaded_supporting_files" /><testcase time="0.013202" classname="bilbyui.tests.test_models.TestSupportingFile" name="test_save_from_parsed" /><testcase time="7.046586" classname="bilbyui.tests.test_parameter_output.TestJobSubmission" name="test_generate_parameter_output" /><testcase time="0.028880" classname="bilbyui.tests.test_parameter_output.TestJobSubmission" name="test_invalid_outdir_output" /><testcase time="0.121084" classname="bilbyui.tests.test_parameter_output.TestJobSubmission" name="test_sampler_parsing_output" /><testcase time="0.042092" classname="bilbyui.tests.test_public_bilby_jobs_queries.TestPublicBilbyJobsQueries" name="test_public_bilby_jobs_query_combine_all" /><testcase time="0.041172" classname="bilbyui.tests.test_public_bilby_jobs_queries.TestPublicBilbyJobsQueries" name="test_public_bilby_jobs_query_embargo" /><testcase time="0.050032" classname="bilbyui.tests.test_public_bilby_jobs_queries.TestPublicBilbyJobsQueries" name="test_public_bilby_jobs_query_embargo_violation" /><testcase time="0.025883" classname="bilbyui.tests.test_public_bilby_jobs_queries.TestPublicBilbyJobsQueries" name="test_public_bilby_jobs_query_invalid_time_range" /><testcase time="0.050979" classname="bilbyui.tests.test_public_bilby_jobs_queries.TestPublicBilbyJobsQueries" name="test_public_bilby_jobs_query_missing_job_controller_job" /><testcase time="0.067142" classname="bilbyui.tests.test_public_bilby_jobs_queries.TestPublicBilbyJobsQueries" name="test_public_bilby_jobs_query_no_cursor" /><testcase time="0.026637" classname="bilbyui.tests.test_public_bilby_jobs_queries.TestPublicBilbyJobsQueries" name="test_public_bilby_jobs_query_no_hits" /><testcase time="0.033210" classname="bilbyui.tests.test_public_bilby_jobs_queries.TestPublicBilbyJobsQueries" name="test_public_bilby_jobs_query_private_info" /><testcase time="0.047462" classname="bilbyui.tests.test_public_bilby_jobs_queries.TestPublicBilbyJobsQueries" name="test_public_bilby_jobs_query_private_violation" /><testcase time="3.223642" classname="bilbyui.tests.test_public_bilby_jobs_queries.TestPublicBilbyJobsQueries" name="test_public_bilby_jobs_query_test_cursor_count" /><testcase time="0.102882" classname="bilbyui.tests.test_public_bilby_jobs_queries.TestPublicBilbyJobsQueries" name="test_public_bilby_jobs_query_time_ranges" /><testcase time="0.049088" classname="bilbyui.tests.test_public_bilby_jobs_queries.TestPublicBilbyJobsQueries" name="test_public_bilby_jobs_unknown_job_type" /><testcase time="0.090313" classname="bilbyui.tests.test_public_bilby_jobs_queries.TestPublicBilbyJobsQueries" name="test_public_bilby_jobs_uploaded" /><testcase time="0.017271" classname="bilbyui.tests.test_result_files.TestExternalJobResultFiles" name="test_uploaded_job" /><testcase time="0.122414" classname="bilbyui.tests.test_result_files.TestResultFilesAndGenerateFileDownloadIdsNotUploaded" name="test_not_uploaded_job" /><testcase time="0.123249" classname="bilbyui.tests.test_result_files.TestResultFilesAndGenerateFileDownloadIdsUploaded" name="test_uploaded_job" /><testcase time="0.091729" classname="bilbyui.tests.test_uploaded_job_file_download.TestUploadedJobFileDownload" name="test_invalid_token" /><testcase time="0.075186" classname="bilbyui.tests.test_uploaded_job_file_download.TestUploadedJobFileDownload" name="test_no_token" /><testcase time="0.223807" classname="bilbyui.tests.test_uploaded_job_file_download.TestUploadedJobFileDownload" name="test_success_force_download" /><testcase time="0.253423" classname="bilbyui.tests.test_uploaded_job_file_download.TestUploadedJobFileDownload" name="test_success_no_force_download" /><testcase time="0.047732" classname="bilbyui.utils.jobs.tests.test_file_download_id.TestFileDownloadIds" name="test_request_file_download_id" /><testcase time="0.046247" classname="bilbyui.utils.jobs.tests.test_file_download_id.TestFileDownloadIds" name="test_request_file_download_ids" /><testcase time="0.046561" classname="bilbyui.utils.jobs.tests.test_request_file_list.TestRequestFileListNotUploaded" name="test_request_file_list_not_uploaded" /><testcase time="0.051459" classname="bilbyui.utils.jobs.tests.test_request_file_list.TestRequestFileListUploaded" name="test_request_file_list_uploaded" /><testcase time="0.048690" classname="bilbyui.utils.tests.test_embargo.TestEmbargoFilter" name="test_no_embargo" /><testcase time="0.055431" classname="bilbyui.utils.tests.test_embargo.TestEmbargoFilter" name="test_with_embargo" /><testcase time="0.000139" classname="bilbyui.utils.tests.test_embargo.TestShouldEmbargoJob" name="test_no_embargo" /><testcase time="0.000134" classname="bilbyui.utils.tests.test_embargo.TestShouldEmbargoJob" name="test_with_embargo" /><testcase time="0.000113" classname="bilbyui.utils.tests.test_embargo.TestUserSubjectToEmbargo" name="test_no_embargo" /><testcase time="0.000108" classname="bilbyui.utils.tests.test_embargo.TestUserSubjectToEmbargo" name="test_with_embargo" /><testcase time="0.098736" classname="bilbyui.utils.tests.test_parse_ini_file.TestParseIniFile" name="test_empty_ini" /><testcase time="0.098106" classname="bilbyui.utils.tests.test_parse_ini_file.TestParseIniFile" name="test_invalid_keys" /><testcase time="0.113680" classname="bilbyui.utils.tests.test_parse_ini_file.TestParseIniFile" name="test_valid_keys" /><testcase time="0.000052" classname="gw_bilby.tests.test_jwt_tools.TestJWTTools" name="test_jwt_get_user_by_payload" /><testcase time="0.046669" classname="bilbyui.tests.test_anonymous_metrics.TestAnonymousMetrics" name="test_anonymous_request_invalid_uuids" /><testcase time="0.046385" classname="bilbyui.tests.test_anonymous_metrics.TestAnonymousMetrics" name="test_anonymous_request_no_header" /><testcase time="0.046049" classname="bilbyui.tests.test_anonymous_metrics.TestAnonymousMetrics" name="test_anonymous_request_no_space_in_header" /><testcase time="0.045403" classname="bilbyui.tests.test_anonymous_metrics.TestAnonymousMetrics" name="test_anonymous_request_not_enough_uuids" /><testcase time="0.043404" classname="bilbyui.tests.test_anonymous_metrics.TestAnonymousMetrics" name="test_anonymous_request_too_many_uuids" /><testcase time="0.053687" classname="bilbyui.tests.test_anonymous_metrics.TestAnonymousMetrics" name="test_valid_anonymous_request" /></testsuite>